0 info it worked if it ends with ok
1 verbose cli [ 'C:\\Program Files (x86)\\Microsoft Visual Studio\\2017\\Community\\Web\\External\\Node.exe',
1 verbose cli   'C:\\Program Files (x86)\\Microsoft Visual Studio\\2017\\Community\\Web\\External\\node_modules\\npm\\bin\\npm-cli.js',
1 verbose cli   'install' ]
2 info using npm@3.3.4
3 info using node@v5.4.1
4 silly loadCurrentTree Starting
5 silly install loadCurrentTree
6 silly install readLocalPackageData
7 silly install normalizeTree
8 silly loadCurrentTree Finishing
9 silly loadIdealTree Starting
10 silly install loadIdealTree
11 silly cloneCurrentTree Starting
12 silly install cloneCurrentTreeToIdealTree
13 silly cloneCurrentTree Finishing
14 silly loadShrinkwrap Starting
15 silly install loadShrinkwrap
16 silly loadShrinkwrap Finishing
17 silly loadAllDepsIntoIdealTree Starting
18 silly install loadAllDepsIntoIdealTree
19 silly fetchNamedPackageData lite-server
20 silly mapToRegistry name lite-server
21 silly mapToRegistry using default registry
22 silly mapToRegistry registry https://registry.npmjs.org/
23 silly mapToRegistry uri https://registry.npmjs.org/lite-server
24 verbose request uri https://registry.npmjs.org/lite-server
25 verbose request no auth needed
26 info attempt registry request try #1 at 3:20:08 PM
27 verbose request id e6d50994d846dd23
28 http request GET https://registry.npmjs.org/lite-server
29 info retry will retry, error on last attempt: Error: getaddrinfo ENOENT registry.npmjs.org:443
30 info attempt registry request try #2 at 3:20:18 PM
31 http request GET https://registry.npmjs.org/lite-server
32 info retry will retry, error on last attempt: Error: getaddrinfo ENOENT registry.npmjs.org:443
33 info attempt registry request try #3 at 3:21:18 PM
34 http request GET https://registry.npmjs.org/lite-server
35 silly fetchPackageMetaData Error: getaddrinfo ENOENT registry.npmjs.org:443
35 silly fetchPackageMetaData     at Object.exports._errnoException (util.js:856:11)
35 silly fetchPackageMetaData     at errnoException (dns.js:31:15)
35 silly fetchPackageMetaData     at GetAddrInfoReqWrap.onlookup [as oncomplete] (dns.js:77:26)
35 silly fetchPackageMetaData  error for lite-server@^2.3.0 { [Error: getaddrinfo ENOENT registry.npmjs.org:443]
35 silly fetchPackageMetaData   code: 'ENOENT',
35 silly fetchPackageMetaData   errno: 'ENOENT',
35 silly fetchPackageMetaData   syscall: 'getaddrinfo',
35 silly fetchPackageMetaData   hostname: 'registry.npmjs.org',
35 silly fetchPackageMetaData   host: 'registry.npmjs.org',
35 silly fetchPackageMetaData   port: 443 }
36 silly rollbackFailedOptional Starting
37 silly rollbackFailedOptional Finishing
38 silly runTopLevelLifecycles Starting
39 silly runTopLevelLifecycles Finishing
40 silly install printInstalled
41 verbose stack Error: getaddrinfo ENOENT registry.npmjs.org:443
41 verbose stack     at Object.exports._errnoException (util.js:856:11)
41 verbose stack     at errnoException (dns.js:31:15)
41 verbose stack     at GetAddrInfoReqWrap.onlookup [as oncomplete] (dns.js:77:26)
42 verbose cwd C:\Node_Projects\hellodapp
43 error Windows_NT 10.0.16299
44 error argv "C:\\Program Files (x86)\\Microsoft Visual Studio\\2017\\Community\\Web\\External\\Node.exe" "C:\\Program Files (x86)\\Microsoft Visual Studio\\2017\\Community\\Web\\External\\node_modules\\npm\\bin\\npm-cli.js" "install"
45 error node v5.4.1
46 error npm  v3.3.4
47 error code ENOENT
48 error errno ENOENT
49 error syscall getaddrinfo
50 error enoent getaddrinfo ENOENT registry.npmjs.org:443
50 error enoent This is most likely not a problem with npm itself
50 error enoent and is related to npm not being able to find a file.
51 verbose exit [ 1, true ]
